<?xml version="1.0" encoding="UTF-8"?>
<testng-results skipped="0" failed="0" ignored="0" total="1" passed="1">
  <reporter-output>
  </reporter-output>
  <suite name="Default suite" duration-ms="41561" started-at="2019-10-20T20:28:51 CDT" finished-at="2019-10-20T20:29:33 CDT">
    <groups>
    </groups>
    <test name="Default test" duration-ms="41561" started-at="2019-10-20T20:28:51 CDT" finished-at="2019-10-20T20:29:33 CDT">
      <class name="com.training.sanity.tests.RTTC_1007Tests">
        <test-method status="PASS" signature="setUpBeforeClass()[pri:0, instance:com.training.sanity.tests.RTTC_1007Tests@3d99d22e]" name="setUpBeforeClass" is-config="true" duration-ms="22" started-at="2019-10-20T20:28:52 CDT" finished-at="2019-10-20T20:28:52 CDT">
          <reporter-output>
          </reporter-output>
        </test-method> <!-- setUpBeforeClass -->
        <test-method status="PASS" signature="setUp()[pri:0, instance:com.training.sanity.tests.RTTC_1007Tests@3d99d22e]" name="setUp" is-config="true" duration-ms="26642" started-at="2019-10-20T20:28:52 CDT" finished-at="2019-10-20T20:29:18 CDT">
          <reporter-output>
          </reporter-output>
        </test-method> <!-- setUp -->
        <test-method status="PASS" signature="changePasswordMismatchTest()[pri:0, instance:com.training.sanity.tests.RTTC_1007Tests@3d99d22e]" name="changePasswordMismatchTest" duration-ms="14823" started-at="2019-10-20T20:29:18 CDT" finished-at="2019-10-20T20:29:33 CDT">
          <reporter-output>
          </reporter-output>
        </test-method> <!-- changePasswordMismatchTest -->
      </class> <!-- com.training.sanity.tests.RTTC_1007Tests -->
    </test> <!-- Default test -->
  </suite> <!-- Default suite -->
</testng-results>
