<?xml version="1.0" encoding="UTF-8"?>
<testng-results skipped="0" failed="0" ignored="0" total="4" passed="4">
  <reporter-output>
  </reporter-output>
  <suite name="Default suite" duration-ms="54931" started-at="2019-09-25T08:12:50 CDT" finished-at="2019-09-25T08:13:45 CDT">
    <groups>
    </groups>
    <test name="Default test" duration-ms="54931" started-at="2019-09-25T08:12:50 CDT" finished-at="2019-09-25T08:13:45 CDT">
      <class name="com.training.sanity.tests.RTTC_037_Tests">
        <test-method status="PASS" signature="setUpBeforeClass()[pri:0, instance:com.training.sanity.tests.RTTC_037_Tests@50b494a6]" name="setUpBeforeClass" is-config="true" duration-ms="27" started-at="2019-09-25T08:12:50 CDT" finished-at="2019-09-25T08:12:50 CDT">
          <reporter-output>
          </reporter-output>
        </test-method> <!-- setUpBeforeClass -->
        <test-method status="PASS" signature="setUp()[pri:0, instance:com.training.sanity.tests.RTTC_037_Tests@50b494a6]" name="setUp" is-config="true" duration-ms="14318" started-at="2019-09-25T08:12:50 CDT" finished-at="2019-09-25T08:13:05 CDT">
          <reporter-output>
          </reporter-output>
        </test-method> <!-- setUp -->
        <test-method status="PASS" signature="invalidCredentials(java.lang.String, java.lang.String)[pri:0, instance:com.training.sanity.tests.RTTC_037_Tests@50b494a6]" name="invalidCredentials" duration-ms="1517" started-at="2019-09-25T08:13:05 CDT" data-provider="dp" finished-at="2019-09-25T08:13:06 CDT">
          <params>
            <param index="0">
              <value>
                <![CDATA[admin]]>
              </value>
            </param>
            <param index="1">
              <value>
                <![CDATA[123456]]>
              </value>
            </param>
          </params>
          <reporter-output>
          </reporter-output>
        </test-method> <!-- invalidCredentials -->
        <test-method status="PASS" signature="tearDown()[pri:0, instance:com.training.sanity.tests.RTTC_037_Tests@50b494a6]" name="tearDown" is-config="true" duration-ms="2659" started-at="2019-09-25T08:13:06 CDT" finished-at="2019-09-25T08:13:09 CDT">
          <reporter-output>
          </reporter-output>
        </test-method> <!-- tearDown -->
        <test-method status="PASS" signature="setUp()[pri:0, instance:com.training.sanity.tests.RTTC_037_Tests@50b494a6]" name="setUp" is-config="true" duration-ms="7264" started-at="2019-09-25T08:13:09 CDT" finished-at="2019-09-25T08:13:16 CDT">
          <reporter-output>
          </reporter-output>
        </test-method> <!-- setUp -->
        <test-method status="PASS" signature="invalidCredentials(java.lang.String, java.lang.String)[pri:0, instance:com.training.sanity.tests.RTTC_037_Tests@50b494a6]" name="invalidCredentials" duration-ms="1038" started-at="2019-09-25T08:13:16 CDT" data-provider="dp" finished-at="2019-09-25T08:13:17 CDT">
          <params>
            <param index="0">
              <value>
                <![CDATA[admin]]>
              </value>
            </param>
            <param index="1">
              <value>
                <![CDATA[admin]]>
              </value>
            </param>
          </params>
          <reporter-output>
          </reporter-output>
        </test-method> <!-- invalidCredentials -->
        <test-method status="PASS" signature="tearDown()[pri:0, instance:com.training.sanity.tests.RTTC_037_Tests@50b494a6]" name="tearDown" is-config="true" duration-ms="2332" started-at="2019-09-25T08:13:17 CDT" finished-at="2019-09-25T08:13:19 CDT">
          <reporter-output>
          </reporter-output>
        </test-method> <!-- tearDown -->
        <test-method status="PASS" signature="setUp()[pri:0, instance:com.training.sanity.tests.RTTC_037_Tests@50b494a6]" name="setUp" is-config="true" duration-ms="9831" started-at="2019-09-25T08:13:19 CDT" finished-at="2019-09-25T08:13:29 CDT">
          <reporter-output>
          </reporter-output>
        </test-method> <!-- setUp -->
        <test-method status="PASS" signature="invalidCredentials(java.lang.String, java.lang.String)[pri:0, instance:com.training.sanity.tests.RTTC_037_Tests@50b494a6]" name="invalidCredentials" duration-ms="1346" started-at="2019-09-25T08:13:29 CDT" data-provider="dp" finished-at="2019-09-25T08:13:31 CDT">
          <params>
            <param index="0">
              <value>
                <![CDATA[manzoor]]>
              </value>
            </param>
            <param index="1">
              <value>
                <![CDATA[admin@123]]>
              </value>
            </param>
          </params>
          <reporter-output>
          </reporter-output>
        </test-method> <!-- invalidCredentials -->
        <test-method status="PASS" signature="tearDown()[pri:0, instance:com.training.sanity.tests.RTTC_037_Tests@50b494a6]" name="tearDown" is-config="true" duration-ms="2644" started-at="2019-09-25T08:13:31 CDT" finished-at="2019-09-25T08:13:33 CDT">
          <reporter-output>
          </reporter-output>
        </test-method> <!-- tearDown -->
        <test-method status="PASS" signature="setUp()[pri:0, instance:com.training.sanity.tests.RTTC_037_Tests@50b494a6]" name="setUp" is-config="true" duration-ms="8566" started-at="2019-09-25T08:13:33 CDT" finished-at="2019-09-25T08:13:42 CDT">
          <reporter-output>
          </reporter-output>
        </test-method> <!-- setUp -->
        <test-method status="PASS" signature="invalidCredentials(java.lang.String, java.lang.String)[pri:0, instance:com.training.sanity.tests.RTTC_037_Tests@50b494a6]" name="invalidCredentials" duration-ms="1023" started-at="2019-09-25T08:13:42 CDT" data-provider="dp" finished-at="2019-09-25T08:13:43 CDT">
          <params>
            <param index="0">
              <value>
                <![CDATA[admin@123]]>
              </value>
            </param>
            <param index="1">
              <value>
                <![CDATA[admin@123]]>
              </value>
            </param>
          </params>
          <reporter-output>
          </reporter-output>
        </test-method> <!-- invalidCredentials -->
        <test-method status="PASS" signature="tearDown()[pri:0, instance:com.training.sanity.tests.RTTC_037_Tests@50b494a6]" name="tearDown" is-config="true" duration-ms="2273" started-at="2019-09-25T08:13:43 CDT" finished-at="2019-09-25T08:13:45 CDT">
          <reporter-output>
          </reporter-output>
        </test-method> <!-- tearDown -->
      </class> <!-- com.training.sanity.tests.RTTC_037_Tests -->
    </test> <!-- Default test -->
  </suite> <!-- Default suite -->
</testng-results>
