<?xml version="1.0" encoding="UTF-8"?>
<!-- Generated by org.testng.reporters.JUnitXMLReporter -->
<testsuite hostname="DESKTOP-UA3PNDR" ignored="0" name="Default test" tests="4" failures="0" timestamp="2019-09-25T08:13:45 CDT" time="54.931" errors="0">
  <testcase name="invalidCredentials" time="1.517" classname="com.training.sanity.tests.RTTC_037_Tests"/>
  <testcase name="invalidCredentials" time="1.038" classname="com.training.sanity.tests.RTTC_037_Tests"/>
  <testcase name="invalidCredentials" time="1.346" classname="com.training.sanity.tests.RTTC_037_Tests"/>
  <testcase name="invalidCredentials" time="1.023" classname="com.training.sanity.tests.RTTC_037_Tests"/>
</testsuite> <!-- Default test -->
